<?xml version="1.0" encoding="UTF-8"?>
<!DOCTYPE coverage SYSTEM "http://cobertura.sourceforge.net/xml/coverage-04.dtd">
<coverage line-rate="0.23067077" branch-rate="0" lines-covered="901" lines-valid="3906" branches-covered="0" branches-valid="0" complexity="0" version="" timestamp="1630918305635">
	<packages>
		<package name="github.com/pingcap-inc/tiem/library/copywriting" line-rate="0" branch-rate="0" complexity="0" line-count="2" line-hits="0">
			<classes>
				<class name="-" filename="library/copywriting/terms.go" line-rate="0" branch-rate="0" complexity="0" line-count="2" line-hits="0">
					<methods>
						<method name="DisplayByDefault" signature="" line-rate="0" branch-rate="0" complexity="0" line-count="0" line-hits="0">
							<lines>
								<line number="6" hits="0"></line>
							</lines>
						</method>
						<method name="Display" signature="" line-rate="0" branch-rate="0" complexity="0" line-count="0" line-hits="0">
							<lines>
								<line number="10" hits="0"></line>
							</lines>
						</method>
					</methods>
					<lines>
						<line number="6" hits="0"></line>
						<line number="10" hits="0"></line>
					</lines>
				</class>
			</classes>
		</package>
		<package name="github.com/pingcap-inc/tiem/library/knowledge" line-rate="0" branch-rate="0" complexity="0" line-count="32" line-hits="0">
			<classes>
				<class name="-" filename="library/knowledge/expert.go" line-rate="0" branch-rate="0" complexity="0" line-count="25" line-hits="0">
					<methods>
						<method name="ClusterTypeFromCode" signature="" line-rate="0" branch-rate="0" complexity="0" line-count="0" line-hits="0">
							<lines>
								<line number="23" hits="0"></line>
							</lines>
						</method>
						<method name="ClusterVersionFromCode" signature="" line-rate="0" branch-rate="0" complexity="0" line-count="0" line-hits="0">
							<lines>
								<line number="27" hits="0"></line>
							</lines>
						</method>
						<method name="ClusterComponentFromCode" signature="" line-rate="0" branch-rate="0" complexity="0" line-count="0" line-hits="0">
							<lines>
								<line number="31" hits="0"></line>
							</lines>
						</method>
						<method name="SortedTypesKnowledge" signature="" line-rate="0" branch-rate="0" complexity="0" line-count="0" line-hits="0">
							<lines>
								<line number="35" hits="0"></line>
								<line number="36" hits="0"></line>
								<line number="37" hits="0"></line>
								<line number="40" hits="0"></line>
							</lines>
						</method>
						<method name="ParameterFromName" signature="" line-rate="0" branch-rate="0" complexity="0" line-count="0" line-hits="0">
							<lines>
								<line number="44" hits="0"></line>
							</lines>
						</method>
						<method name="LoadKnowledge" signature="" line-rate="0" branch-rate="0" complexity="0" line-count="0" line-hits="0">
							<lines>
								<line number="48" hits="0"></line>
								<line number="49" hits="0"></line>
							</lines>
						</method>
						<method name="loadSpecKnowledge" signature="" line-rate="0" branch-rate="0" complexity="0" line-count="0" line-hits="0">
							<lines>
								<line number="53" hits="0"></line>
								<line number="54" hits="0"></line>
								<line number="56" hits="0"></line>
								<line number="60" hits="0"></line>
								<line number="64" hits="0"></line>
								<line number="68" hits="0"></line>
								<line number="77" hits="0"></line>
								<line number="78" hits="0"></line>
								<line number="80" hits="0"></line>
								<line number="84" hits="0"></line>
								<line number="91" hits="0"></line>
							</lines>
						</method>
						<method name="loadParameterKnowledge" signature="" line-rate="0" branch-rate="0" complexity="0" line-count="0" line-hits="0">
							<lines>
								<line number="104" hits="0"></line>
								<line number="114" hits="0"></line>
								<line number="115" hits="0"></line>
								<line number="116" hits="0"></line>
							</lines>
						</method>
					</methods>
					<lines>
						<line number="23" hits="0"></line>
						<line number="27" hits="0"></line>
						<line number="31" hits="0"></line>
						<line number="35" hits="0"></line>
						<line number="36" hits="0"></line>
						<line number="37" hits="0"></line>
						<line number="40" hits="0"></line>
						<line number="44" hits="0"></line>
						<line number="48" hits="0"></line>
						<line number="49" hits="0"></line>
						<line number="53" hits="0"></line>
						<line number="54" hits="0"></line>
						<line number="56" hits="0"></line>
						<line number="60" hits="0"></line>
						<line number="64" hits="0"></line>
						<line number="68" hits="0"></line>
						<line number="77" hits="0"></line>
						<line number="78" hits="0"></line>
						<line number="80" hits="0"></line>
						<line number="84" hits="0"></line>
						<line number="91" hits="0"></line>
						<line number="104" hits="0"></line>
						<line number="114" hits="0"></line>
						<line number="115" hits="0"></line>
						<line number="116" hits="0"></line>
					</lines>
				</class>
				<class name="-" filename="library/knowledge/resourcespec.go" line-rate="0" branch-rate="0" complexity="0" line-count="3" line-hits="0">
					<methods>
						<method name="ParseCpu" signature="" line-rate="0" branch-rate="0" complexity="0" line-count="0" line-hits="0">
							<lines>
								<line number="38" hits="0"></line>
							</lines>
						</method>
						<method name="ParseMemory" signature="" line-rate="0" branch-rate="0" complexity="0" line-count="0" line-hits="0">
							<lines>
								<line number="43" hits="0"></line>
							</lines>
						</method>
						<method name="GenSpecCode" signature="" line-rate="0" branch-rate="0" complexity="0" line-count="0" line-hits="0">
							<lines>
								<line number="47" hits="0"></line>
							</lines>
						</method>
					</methods>
					<lines>
						<line number="38" hits="0"></line>
						<line number="43" hits="0"></line>
						<line number="47" hits="0"></line>
					</lines>
				</class>
				<class name="ResourceSpec" filename="library/knowledge/resourcespec.go" line-rate="0" branch-rate="0" complexity="0" line-count="4" line-hits="0">
					<methods>
						<method name="GetAttributeValue" signature="" line-rate="0" branch-rate="0" complexity="0" line-count="0" line-hits="0">
							<lines>
								<line number="13" hits="0"></line>
								<line number="14" hits="0"></line>
								<line number="15" hits="0"></line>
								<line number="19" hits="0"></line>
							</lines>
						</method>
					</methods>
					<lines>
						<line number="13" hits="0"></line>
						<line number="14" hits="0"></line>
						<line number="15" hits="0"></line>
						<line number="19" hits="0"></line>
					</lines>
				</class>
			</classes>
		</package>
		<package name="github.com/pingcap-inc/tiem/library/secondparty/brcmd" line-rate="0.5" branch-rate="0" complexity="0" line-count="2" line-hits="1">
			<classes>
				<class name="-" filename="library/secondparty/brcmd/main.go" line-rate="0.5" branch-rate="0" complexity="0" line-count="2" line-hits="1">
					<methods>
						<method name="init" signature="" line-rate="1" branch-rate="0" complexity="0" line-count="0" line-hits="0">
							<lines>
								<line number="6" hits="1"></line>
							</lines>
						</method>
						<method name="main" signature="" line-rate="0" branch-rate="0" complexity="0" line-count="0" line-hits="0">
							<lines>
								<line number="10" hits="0"></line>
							</lines>
						</method>
					</methods>
					<lines>
						<line number="6" hits="1"></line>
						<line number="10" hits="0"></line>
					</lines>
				</class>
			</classes>
		</package>
		<package name="github.com/pingcap-inc/tiem/library/secondparty/libbr" line-rate="0.015037594" branch-rate="0" complexity="0" line-count="399" line-hits="6">
			<classes>
				<class name="-" filename="library/secondparty/libbr/attr_nonlinux.go" line-rate="0" branch-rate="0" complexity="0" line-count="1" line-hits="0">
					<methods>
						<method name="genSysProcAttr" signature="" line-rate="0" branch-rate="0" complexity="0" line-count="0" line-hits="0">
							<lines>
								<line number="8" hits="0"></line>
							</lines>
						</method>
					</methods>
					<lines>
						<line number="8" hits="0"></line>
					</lines>
				</class>
				<class name="-" filename="library/secondparty/libbr/libbr.go" line-rate="0.015075377" branch-rate="0" complexity="0" line-count="398" line-hits="6">
					<methods>
						<method name="BrMgrInit" signature="" line-rate="1" branch-rate="0" complexity="0" line-count="0" line-hits="0">
							<lines>
								<line number="184" hits="1"></line>
								<line number="185" hits="1"></line>
								<line number="186" hits="1"></line>
								<line number="188" hits="1"></line>
								<line number="190" hits="1"></line>
								<line number="191" hits="1"></line>
							</lines>
						</method>
						<method name="BrMgrRoutine" signature="" line-rate="0" branch-rate="0" complexity="0" line-count="0" line-hits="0">
							<lines>
								<line number="195" hits="0"></line>
								<line number="196" hits="0"></line>
								<line number="199" hits="0"></line>
								<line number="200" hits="0"></line>
								<line number="201" hits="0"></line>
								<line number="202" hits="0"></line>
								<line number="205" hits="0"></line>
								<line number="206" hits="0"></line>
								<line number="207" hits="0"></line>
								<line number="208" hits="0"></line>
								<line number="209" hits="0"></line>
								<line number="210" hits="0"></line>
								<line number="212" hits="0"></line>
								<line number="213" hits="0"></line>
								<line number="214" hits="0"></line>
								<line number="217" hits="0"></line>
								<line number="218" hits="0"></line>
								<line number="219" hits="0"></line>
								<line number="221" hits="0"></line>
								<line number="222" hits="0"></line>
								<line number="223" hits="0"></line>
								<line number="226" hits="0"></line>
								<line number="227" hits="0"></line>
								<line number="228" hits="0"></line>
								<line number="230" hits="0"></line>
								<line number="231" hits="0"></line>
								<line number="232" hits="0"></line>
								<line number="234" hits="0"></line>
								<line number="235" hits="0"></line>
								<line number="236" hits="0"></line>
								<line number="238" hits="0"></line>
								<line number="240" hits="0"></line>
								<line number="241" hits="0"></line>
								<line number="242" hits="0"></line>
								<line number="243" hits="0"></line>
								<line number="244" hits="0"></line>
								<line number="245" hits="0"></line>
								<line number="247" hits="0"></line>
							</lines>
						</method>
						<method name="assert" signature="" line-rate="0" branch-rate="0" complexity="0" line-count="0" line-hits="0">
							<lines>
								<line number="253" hits="0"></line>
								<line number="255" hits="0"></line>
								<line number="256" hits="0"></line>
							</lines>
						</method>
						<method name="myPanic" signature="" line-rate="0" branch-rate="0" complexity="0" line-count="0" line-hits="0">
							<lines>
								<line number="261" hits="0"></line>
								<line number="262" hits="0"></line>
								<line number="263" hits="0"></line>
							</lines>
						</method>
						<method name="jsonMustMarshal" signature="" line-rate="0" branch-rate="0" complexity="0" line-count="0" line-hits="0">
							<lines>
								<line number="267" hits="0"></line>
								<line number="268" hits="0"></line>
								<line number="269" hits="0"></line>
							</lines>
						</method>
						<method name="glMgrStatusMapSync" signature="" line-rate="0" branch-rate="0" complexity="0" line-count="0" line-hits="0">
							<lines>
								<line number="273" hits="0"></line>
								<line number="274" hits="0"></line>
								<line number="275" hits="0"></line>
								<line number="276" hits="0"></line>
								<line number="277" hits="0"></line>
								<line number="279" hits="0"></line>
								<line number="280" hits="0"></line>
								<line number="283" hits="0"></line>
								<line number="284" hits="0"></line>
								<line number="285" hits="0"></line>
								<line number="286" hits="0"></line>
								<line number="287" hits="0"></line>
								<line number="289" hits="0"></line>
								<line number="291" hits="0"></line>
								<line number="297" hits="0"></line>
							</lines>
						</method>
						<method name="glMgrStatusMapGetAll" signature="" line-rate="0" branch-rate="0" complexity="0" line-count="0" line-hits="0">
							<lines>
								<line number="303" hits="0"></line>
								<line number="304" hits="0"></line>
								<line number="305" hits="0"></line>
								<line number="306" hits="0"></line>
								<line number="309" hits="0"></line>
								<line number="310" hits="0"></line>
								<line number="312" hits="0"></line>
								<line number="313" hits="0"></line>
								<line number="314" hits="0"></line>
								<line number="316" hits="0"></line>
								<line number="317" hits="0"></line>
								<line number="318" hits="0"></line>
								<line number="319" hits="0"></line>
								<line number="321" hits="0"></line>
							</lines>
						</method>
						<method name="mgrHandleCmdBackUpReq" signature="" line-rate="0" branch-rate="0" complexity="0" line-count="0" line-hits="0">
							<lines>
								<line number="325" hits="0"></line>
								<line number="326" hits="0"></line>
								<line number="327" hits="0"></line>
								<line number="328" hits="0"></line>
								<line number="329" hits="0"></line>
								<line number="332" hits="0"></line>
								<line number="333" hits="0"></line>
							</lines>
						</method>
						<method name="mgrHandleCmdShowBackUpInfoReq" signature="" line-rate="0" branch-rate="0" complexity="0" line-count="0" line-hits="0">
							<lines>
								<line number="337" hits="0"></line>
								<line number="338" hits="0"></line>
								<line number="339" hits="0"></line>
								<line number="340" hits="0"></line>
								<line number="341" hits="0"></line>
								<line number="343" hits="0"></line>
								<line number="344" hits="0"></line>
							</lines>
						</method>
						<method name="mgrHandleCmdRestoreReq" signature="" line-rate="0" branch-rate="0" complexity="0" line-count="0" line-hits="0">
							<lines>
								<line number="348" hits="0"></line>
								<line number="349" hits="0"></line>
								<line number="350" hits="0"></line>
								<line number="351" hits="0"></line>
								<line number="352" hits="0"></line>
								<line number="354" hits="0"></line>
								<line number="355" hits="0"></line>
							</lines>
						</method>
						<method name="mgrHandleCmdShowRestoreInfoReq" signature="" line-rate="0" branch-rate="0" complexity="0" line-count="0" line-hits="0">
							<lines>
								<line number="359" hits="0"></line>
								<line number="360" hits="0"></line>
								<line number="361" hits="0"></line>
								<line number="362" hits="0"></line>
								<line number="363" hits="0"></line>
								<line number="365" hits="0"></line>
								<line number="366" hits="0"></line>
							</lines>
						</method>
						<method name="mgrHandleCmdGetAllTaskStatusReq" signature="" line-rate="0" branch-rate="0" complexity="0" line-count="0" line-hits="0">
							<lines>
								<line number="370" hits="0"></line>
								<line number="371" hits="0"></line>
								<line number="372" hits="0"></line>
								<line number="373" hits="0"></line>
								<line number="375" hits="0"></line>
								<line number="376" hits="0"></line>
							</lines>
						</method>
						<method name="mgrStartNewBrBackUpTaskThruSQL" signature="" line-rate="0" branch-rate="0" complexity="0" line-count="0" line-hits="0">
							<lines>
								<line number="382" hits="0"></line>
							</lines>
						</method>
						<method name="@382:5" signature="" line-rate="0" branch-rate="0" complexity="0" line-count="0" line-hits="0">
							<lines>
								<line number="383" hits="0"></line>
								<line number="384" hits="0"></line>
								<line number="385" hits="0"></line>
								<line number="386" hits="0"></line>
								<line number="388" hits="0"></line>
								<line number="389" hits="0"></line>
								<line number="390" hits="0"></line>
								<line number="392" hits="0"></line>
								<line number="395" hits="0"></line>
								<line number="396" hits="0"></line>
								<line number="397" hits="0"></line>
								<line number="399" hits="0"></line>
								<line number="400" hits="0"></line>
								<line number="402" hits="0"></line>
								<line number="403" hits="0"></line>
								<line number="405" hits="0"></line>
								<line number="406" hits="0"></line>
							</lines>
						</method>
						<method name="mgrStartNewBrShowBackUpInfoThruSQL" signature="" line-rate="0" branch-rate="0" complexity="0" line-count="0" line-hits="0">
							<lines>
								<line number="411" hits="0"></line>
								<line number="412" hits="0"></line>
								<line number="413" hits="0"></line>
								<line number="414" hits="0"></line>
								<line number="415" hits="0"></line>
								<line number="416" hits="0"></line>
								<line number="417" hits="0"></line>
								<line number="418" hits="0"></line>
								<line number="419" hits="0"></line>
								<line number="421" hits="0"></line>
								<line number="422" hits="0"></line>
								<line number="423" hits="0"></line>
								<line number="424" hits="0"></line>
								<line number="427" hits="0"></line>
								<line number="428" hits="0"></line>
								<line number="429" hits="0"></line>
								<line number="430" hits="0"></line>
								<line number="431" hits="0"></line>
								<line number="432" hits="0"></line>
								<line number="434" hits="0"></line>
								<line number="435" hits="0"></line>
								<line number="436" hits="0"></line>
								<line number="449" hits="0"></line>
								<line number="451" hits="0"></line>
								<line number="452" hits="0"></line>
								<line number="453" hits="0"></line>
							</lines>
						</method>
						<method name="@424:15" signature="" line-rate="0" branch-rate="0" complexity="0" line-count="0" line-hits="0">
							<lines>
								<line number="425" hits="0"></line>
							</lines>
						</method>
						<method name="mgrStartNewBrRestoreTaskThruSQL" signature="" line-rate="0" branch-rate="0" complexity="0" line-count="0" line-hits="0">
							<lines>
								<line number="457" hits="0"></line>
							</lines>
						</method>
						<method name="@457:5" signature="" line-rate="0" branch-rate="0" complexity="0" line-count="0" line-hits="0">
							<lines>
								<line number="458" hits="0"></line>
								<line number="459" hits="0"></line>
								<line number="460" hits="0"></line>
								<line number="461" hits="0"></line>
								<line number="463" hits="0"></line>
								<line number="464" hits="0"></line>
								<line number="465" hits="0"></line>
								<line number="467" hits="0"></line>
								<line number="470" hits="0"></line>
								<line number="471" hits="0"></line>
								<line number="472" hits="0"></line>
								<line number="474" hits="0"></line>
								<line number="475" hits="0"></line>
								<line number="477" hits="0"></line>
								<line number="478" hits="0"></line>
								<line number="480" hits="0"></line>
								<line number="481" hits="0"></line>
							</lines>
						</method>
						<method name="mgrStartNewBrShowRestoreInfoThruSQL" signature="" line-rate="0" branch-rate="0" complexity="0" line-count="0" line-hits="0">
							<lines>
								<line number="486" hits="0"></line>
								<line number="487" hits="0"></line>
								<line number="488" hits="0"></line>
								<line number="489" hits="0"></line>
								<line number="490" hits="0"></line>
								<line number="491" hits="0"></line>
								<line number="492" hits="0"></line>
								<line number="493" hits="0"></line>
								<line number="494" hits="0"></line>
								<line number="496" hits="0"></line>
								<line number="497" hits="0"></line>
								<line number="498" hits="0"></line>
								<line number="499" hits="0"></line>
								<line number="502" hits="0"></line>
								<line number="503" hits="0"></line>
								<line number="504" hits="0"></line>
								<line number="505" hits="0"></line>
								<line number="506" hits="0"></line>
								<line number="507" hits="0"></line>
								<line number="509" hits="0"></line>
								<line number="510" hits="0"></line>
								<line number="511" hits="0"></line>
								<line number="522" hits="0"></line>
								<line number="524" hits="0"></line>
								<line number="525" hits="0"></line>
								<line number="526" hits="0"></line>
							</lines>
						</method>
						<method name="@499:15" signature="" line-rate="0" branch-rate="0" complexity="0" line-count="0" line-hits="0">
							<lines>
								<line number="500" hits="0"></line>
							</lines>
						</method>
						<method name="mgrStartNewBrTaskThruSQL" signature="" line-rate="0" branch-rate="0" complexity="0" line-count="0" line-hits="0">
							<lines>
								<line number="530" hits="0"></line>
								<line number="531" hits="0"></line>
								<line number="532" hits="0"></line>
								<line number="537" hits="0"></line>
								<line number="575" hits="0"></line>
							</lines>
						</method>
						<method name="@537:5" signature="" line-rate="0" branch-rate="0" complexity="0" line-count="0" line-hits="0">
							<lines>
								<line number="538" hits="0"></line>
								<line number="540" hits="0"></line>
								<line number="541" hits="0"></line>
								<line number="542" hits="0"></line>
								<line number="543" hits="0"></line>
								<line number="548" hits="0"></line>
								<line number="550" hits="0"></line>
								<line number="551" hits="0"></line>
								<line number="552" hits="0"></line>
								<line number="553" hits="0"></line>
								<line number="554" hits="0"></line>
								<line number="555" hits="0"></line>
								<line number="556" hits="0"></line>
								<line number="561" hits="0"></line>
								<line number="563" hits="0"></line>
								<line number="571" hits="0"></line>
								<line number="572" hits="0"></line>
								<line number="573" hits="0"></line>
							</lines>
						</method>
						<method name="@563:16" signature="" line-rate="0" branch-rate="0" complexity="0" line-count="0" line-hits="0">
							<lines>
								<line number="564" hits="0"></line>
								<line number="565" hits="0"></line>
							</lines>
						</method>
						<method name="MicroInit" signature="" line-rate="0" branch-rate="0" complexity="0" line-count="0" line-hits="0">
							<lines>
								<line number="612" hits="0"></line>
								<line number="613" hits="0"></line>
								<line number="614" hits="0"></line>
								<line number="616" hits="0"></line>
								<line number="618" hits="0"></line>
								<line number="619" hits="0"></line>
								<line number="620" hits="0"></line>
								<line number="621" hits="0"></line>
							</lines>
						</method>
						<method name="glMicroTaskStatusMapSyncer" signature="" line-rate="0" branch-rate="0" complexity="0" line-count="0" line-hits="0">
							<lines>
								<line number="625" hits="0"></line>
								<line number="626" hits="0"></line>
								<line number="627" hits="0"></line>
								<line number="628" hits="0"></line>
								<line number="629" hits="0"></line>
								<line number="630" hits="0"></line>
								<line number="631" hits="0"></line>
								<line number="632" hits="0"></line>
								<line number="633" hits="0"></line>
								<line number="634" hits="0"></line>
								<line number="636" hits="0"></line>
								<line number="637" hits="0"></line>
								<line number="642" hits="0"></line>
								<line number="643" hits="0"></line>
								<line number="646" hits="0"></line>
								<line number="651" hits="0"></line>
								<line number="654" hits="0"></line>
								<line number="655" hits="0"></line>
								<line number="656" hits="0"></line>
								<line number="657" hits="0"></line>
								<line number="662" hits="0"></line>
								<line number="663" hits="0"></line>
								<line number="665" hits="0"></line>
							</lines>
						</method>
						<method name="microStartBrMgr" signature="" line-rate="0" branch-rate="0" complexity="0" line-count="0" line-hits="0">
							<lines>
								<line number="672" hits="0"></line>
								<line number="673" hits="0"></line>
								<line number="674" hits="0"></line>
								<line number="675" hits="0"></line>
								<line number="676" hits="0"></line>
								<line number="677" hits="0"></line>
								<line number="679" hits="0"></line>
								<line number="680" hits="0"></line>
								<line number="681" hits="0"></line>
								<line number="687" hits="0"></line>
								<line number="688" hits="0"></line>
								<line number="689" hits="0"></line>
								<line number="691" hits="0"></line>
								<line number="692" hits="0"></line>
								<line number="696" hits="0"></line>
							</lines>
						</method>
						<method name="@692:5" signature="" line-rate="0" branch-rate="0" complexity="0" line-count="0" line-hits="0">
							<lines>
								<line number="693" hits="0"></line>
								<line number="694" hits="0"></line>
							</lines>
						</method>
						<method name="microCmdChanRoutine" signature="" line-rate="0" branch-rate="0" complexity="0" line-count="0" line-hits="0">
							<lines>
								<line number="705" hits="0"></line>
								<line number="706" hits="0"></line>
								<line number="707" hits="0"></line>
								<line number="708" hits="0"></line>
								<line number="709" hits="0"></line>
								<line number="711" hits="0"></line>
								<line number="713" hits="0"></line>
								<line number="714" hits="0"></line>
								<line number="715" hits="0"></line>
								<line number="716" hits="0"></line>
								<line number="718" hits="0"></line>
								<line number="727" hits="0"></line>
								<line number="728" hits="0"></line>
								<line number="729" hits="0"></line>
								<line number="730" hits="0"></line>
								<line number="731" hits="0"></line>
							</lines>
						</method>
						<method name="BackUpPreCheck" signature="" line-rate="0" branch-rate="0" complexity="0" line-count="0" line-hits="0">
							<lines>
								<line number="740" hits="0"></line>
							</lines>
						</method>
						<method name="backUp" signature="" line-rate="0" branch-rate="0" complexity="0" line-count="0" line-hits="0">
							<lines>
								<line number="744" hits="0"></line>
								<line number="745" hits="0"></line>
								<line number="749" hits="0"></line>
								<line number="750" hits="0"></line>
								<line number="754" hits="0"></line>
								<line number="755" hits="0"></line>
								<line number="756" hits="0"></line>
								<line number="757" hits="0"></line>
								<line number="758" hits="0"></line>
								<line number="759" hits="0"></line>
							</lines>
						</method>
						<method name="BackUp" signature="" line-rate="0" branch-rate="0" complexity="0" line-count="0" line-hits="0">
							<lines>
								<line number="763" hits="0"></line>
								<line number="764" hits="0"></line>
								<line number="765" hits="0"></line>
								<line number="766" hits="0"></line>
								<line number="767" hits="0"></line>
								<line number="768" hits="0"></line>
								<line number="769" hits="0"></line>
								<line number="771" hits="0"></line>
								<line number="772" hits="0"></line>
								<line number="773" hits="0"></line>
								<line number="774" hits="0"></line>
								<line number="775" hits="0"></line>
								<line number="776" hits="0"></line>
								<line number="777" hits="0"></line>
								<line number="778" hits="0"></line>
							</lines>
						</method>
						<method name="showBackUpInfo" signature="" line-rate="0" branch-rate="0" complexity="0" line-count="0" line-hits="0">
							<lines>
								<line number="783" hits="0"></line>
								<line number="784" hits="0"></line>
								<line number="788" hits="0"></line>
								<line number="789" hits="0"></line>
								<line number="793" hits="0"></line>
								<line number="794" hits="0"></line>
								<line number="795" hits="0"></line>
								<line number="796" hits="0"></line>
								<line number="797" hits="0"></line>
								<line number="798" hits="0"></line>
							</lines>
						</method>
						<method name="ShowBackUpInfo" signature="" line-rate="0" branch-rate="0" complexity="0" line-count="0" line-hits="0">
							<lines>
								<line number="802" hits="0"></line>
								<line number="803" hits="0"></line>
								<line number="804" hits="0"></line>
								<line number="805" hits="0"></line>
								<line number="806" hits="0"></line>
							</lines>
						</method>
						<method name="RestorePreCheck" signature="" line-rate="0" branch-rate="0" complexity="0" line-count="0" line-hits="0">
							<lines>
								<line number="811" hits="0"></line>
							</lines>
						</method>
						<method name="restore" signature="" line-rate="0" branch-rate="0" complexity="0" line-count="0" line-hits="0">
							<lines>
								<line number="815" hits="0"></line>
								<line number="816" hits="0"></line>
								<line number="820" hits="0"></line>
								<line number="821" hits="0"></line>
								<line number="825" hits="0"></line>
								<line number="826" hits="0"></line>
								<line number="827" hits="0"></line>
								<line number="828" hits="0"></line>
								<line number="829" hits="0"></line>
								<line number="830" hits="0"></line>
							</lines>
						</method>
						<method name="Restore" signature="" line-rate="0" branch-rate="0" complexity="0" line-count="0" line-hits="0">
							<lines>
								<line number="834" hits="0"></line>
								<line number="835" hits="0"></line>
								<line number="836" hits="0"></line>
								<line number="837" hits="0"></line>
								<line number="838" hits="0"></line>
								<line number="839" hits="0"></line>
								<line number="840" hits="0"></line>
								<line number="842" hits="0"></line>
								<line number="843" hits="0"></line>
								<line number="844" hits="0"></line>
								<line number="845" hits="0"></line>
								<line number="846" hits="0"></line>
								<line number="847" hits="0"></line>
								<line number="848" hits="0"></line>
								<line number="849" hits="0"></line>
							</lines>
						</method>
						<method name="showRestoreInfo" signature="" line-rate="0" branch-rate="0" complexity="0" line-count="0" line-hits="0">
							<lines>
								<line number="854" hits="0"></line>
								<line number="855" hits="0"></line>
								<line number="859" hits="0"></line>
								<line number="860" hits="0"></line>
								<line number="864" hits="0"></line>
								<line number="865" hits="0"></line>
								<line number="866" hits="0"></line>
								<line number="867" hits="0"></line>
								<line number="868" hits="0"></line>
								<line number="869" hits="0"></line>
							</lines>
						</method>
						<method name="ShowRestoreInfo" signature="" line-rate="0" branch-rate="0" complexity="0" line-count="0" line-hits="0">
							<lines>
								<line number="873" hits="0"></line>
								<line number="874" hits="0"></line>
								<line number="875" hits="0"></line>
								<line number="876" hits="0"></line>
							</lines>
						</method>
						<method name="MicroSrvTiupGetTaskStatus" signature="" line-rate="0" branch-rate="0" complexity="0" line-count="0" line-hits="0">
							<lines>
								<line number="880" hits="0"></line>
								<line number="881" hits="0"></line>
								<line number="882" hits="0"></line>
								<line number="883" hits="0"></line>
								<line number="884" hits="0"></line>
								<line number="885" hits="0"></line>
								<line number="886" hits="0"></line>
								<line number="887" hits="0"></line>
								<line number="889" hits="0"></line>
								<line number="890" hits="0"></line>
								<line number="891" hits="0"></line>
								<line number="892" hits="0"></line>
							</lines>
						</method>
						<method name="microTiupGetAllTaskStatus" signature="" line-rate="0" branch-rate="0" complexity="0" line-count="0" line-hits="0">
							<lines>
								<line number="897" hits="0"></line>
								<line number="898" hits="0"></line>
								<line number="902" hits="0"></line>
								<line number="903" hits="0"></line>
								<line number="907" hits="0"></line>
								<line number="908" hits="0"></line>
								<line number="909" hits="0"></line>
								<line number="910" hits="0"></line>
								<line number="911" hits="0"></line>
								<line number="912" hits="0"></line>
							</lines>
						</method>
					</methods>
					<lines>
						<line number="184" hits="1"></line>
						<line number="185" hits="1"></line>
						<line number="186" hits="1"></line>
						<line number="188" hits="1"></line>
						<line number="190" hits="1"></line>
						<line number="191" hits="1"></line>
						<line number="195" hits="0"></line>
						<line number="196" hits="0"></line>
						<line number="199" hits="0"></line>
						<line number="200" hits="0"></line>
						<line number="201" hits="0"></line>
						<line number="202" hits="0"></line>
						<line number="205" hits="0"></line>
						<line number="206" hits="0"></line>
						<line number="207" hits="0"></line>
						<line number="208" hits="0"></line>
						<line number="209" hits="0"></line>
						<line number="210" hits="0"></line>
						<line number="212" hits="0"></line>
						<line number="213" hits="0"></line>
						<line number="214" hits="0"></line>
						<line number="217" hits="0"></line>
						<line number="218" hits="0"></line>
						<line number="219" hits="0"></line>
						<line number="221" hits="0"></line>
						<line number="222" hits="0"></line>
						<line number="223" hits="0"></line>
						<line number="226" hits="0"></line>
						<line number="227" hits="0"></line>
						<line number="228" hits="0"></line>
						<line number="230" hits="0"></line>
						<line number="231" hits="0"></line>
						<line number="232" hits="0"></line>
						<line number="234" hits="0"></line>
						<line number="235" hits="0"></line>
						<line number="236" hits="0"></line>
						<line number="238" hits="0"></line>
						<line number="240" hits="0"></line>
						<line number="241" hits="0"></line>
						<line number="242" hits="0"></line>
						<line number="243" hits="0"></line>
						<line number="244" hits="0"></line>
						<line number="245" hits="0"></line>
						<line number="247" hits="0"></line>
						<line number="253" hits="0"></line>
						<line number="255" hits="0"></line>
						<line number="256" hits="0"></line>
						<line number="261" hits="0"></line>
						<line number="262" hits="0"></line>
						<line number="263" hits="0"></line>
						<line number="267" hits="0"></line>
						<line number="268" hits="0"></line>
						<line number="269" hits="0"></line>
						<line number="273" hits="0"></line>
						<line number="274" hits="0"></line>
						<line number="275" hits="0"></line>
						<line number="276" hits="0"></line>
						<line number="277" hits="0"></line>
						<line number="279" hits="0"></line>
						<line number="280" hits="0"></line>
						<line number="283" hits="0"></line>
						<line number="284" hits="0"></line>
						<line number="285" hits="0"></line>
						<line number="286" hits="0"></line>
						<line number="287" hits="0"></line>
						<line number="289" hits="0"></line>
						<line number="291" hits="0"></line>
						<line number="297" hits="0"></line>
						<line number="303" hits="0"></line>
						<line number="304" hits="0"></line>
						<line number="305" hits="0"></line>
						<line number="306" hits="0"></line>
						<line number="309" hits="0"></line>
						<line number="310" hits="0"></line>
						<line number="312" hits="0"></line>
						<line number="313" hits="0"></line>
						<line number="314" hits="0"></line>
						<line number="316" hits="0"></line>
						<line number="317" hits="0"></line>
						<line number="318" hits="0"></line>
						<line number="319" hits="0"></line>
						<line number="321" hits="0"></line>
						<line number="325" hits="0"></line>
						<line number="326" hits="0"></line>
						<line number="327" hits="0"></line>
						<line number="328" hits="0"></line>
						<line number="329" hits="0"></line>
						<line number="332" hits="0"></line>
						<line number="333" hits="0"></line>
						<line number="337" hits="0"></line>
						<line number="338" hits="0"></line>
						<line number="339" hits="0"></line>
						<line number="340" hits="0"></line>
						<line number="341" hits="0"></line>
						<line number="343" hits="0"></line>
						<line number="344" hits="0"></line>
						<line number="348" hits="0"></line>
						<line number="349" hits="0"></line>
						<line number="350" hits="0"></line>
						<line number="351" hits="0"></line>
						<line number="352" hits="0"></line>
						<line number="354" hits="0"></line>
						<line number="355" hits="0"></line>
						<line number="359" hits="0"></line>
						<line number="360" hits="0"></line>
						<line number="361" hits="0"></line>
						<line number="362" hits="0"></line>
						<line number="363" hits="0"></line>
						<line number="365" hits="0"></line>
						<line number="366" hits="0"></line>
						<line number="370" hits="0"></line>
						<line number="371" hits="0"></line>
						<line number="372" hits="0"></line>
						<line number="373" hits="0"></line>
						<line number="375" hits="0"></line>
						<line number="376" hits="0"></line>
						<line number="382" hits="0"></line>
						<line number="383" hits="0"></line>
						<line number="384" hits="0"></line>
						<line number="385" hits="0"></line>
						<line number="386" hits="0"></line>
						<line number="388" hits="0"></line>
						<line number="389" hits="0"></line>
						<line number="390" hits="0"></line>
						<line number="392" hits="0"></line>
						<line number="395" hits="0"></line>
						<line number="396" hits="0"></line>
						<line number="397" hits="0"></line>
						<line number="399" hits="0"></line>
						<line number="400" hits="0"></line>
						<line number="402" hits="0"></line>
						<line number="403" hits="0"></line>
						<line number="405" hits="0"></line>
						<line number="406" hits="0"></line>
						<line number="411" hits="0"></line>
						<line number="412" hits="0"></line>
						<line number="413" hits="0"></line>
						<line number="414" hits="0"></line>
						<line number="415" hits="0"></line>
						<line number="416" hits="0"></line>
						<line number="417" hits="0"></line>
						<line number="418" hits="0"></line>
						<line number="419" hits="0"></line>
						<line number="421" hits="0"></line>
						<line number="422" hits="0"></line>
						<line number="423" hits="0"></line>
						<line number="424" hits="0"></line>
						<line number="427" hits="0"></line>
						<line number="428" hits="0"></line>
						<line number="429" hits="0"></line>
						<line number="430" hits="0"></line>
						<line number="431" hits="0"></line>
						<line number="432" hits="0"></line>
						<line number="434" hits="0"></line>
						<line number="435" hits="0"></line>
						<line number="436" hits="0"></line>
						<line number="449" hits="0"></line>
						<line number="451" hits="0"></line>
						<line number="452" hits="0"></line>
						<line number="453" hits="0"></line>
						<line number="425" hits="0"></line>
						<line number="457" hits="0"></line>
						<line number="458" hits="0"></line>
						<line number="459" hits="0"></line>
						<line number="460" hits="0"></line>
						<line number="461" hits="0"></line>
						<line number="463" hits="0"></line>
						<line number="464" hits="0"></line>
						<line number="465" hits="0"></line>
						<line number="467" hits="0"></line>
						<line number="470" hits="0"></line>
						<line number="471" hits="0"></line>
						<line number="472" hits="0"></line>
						<line number="474" hits="0"></line>
						<line number="475" hits="0"></line>
						<line number="477" hits="0"></line>
						<line number="478" hits="0"></line>
						<line number="480" hits="0"></line>
						<line number="481" hits="0"></line>
						<line number="486" hits="0"></line>
						<line number="487" hits="0"></line>
						<line number="488" hits="0"></line>
						<line number="489" hits="0"></line>
						<line number="490" hits="0"></line>
						<line number="491" hits="0"></line>
						<line number="492" hits="0"></line>
						<line number="493" hits="0"></line>
						<line number="494" hits="0"></line>
						<line number="496" hits="0"></line>
						<line number="497" hits="0"></line>
						<line number="498" hits="0"></line>
						<line number="499" hits="0"></line>
						<line number="502" hits="0"></line>
						<line number="503" hits="0"></line>
						<line number="504" hits="0"></line>
						<line number="505" hits="0"></line>
						<line number="506" hits="0"></line>
						<line number="507" hits="0"></line>
						<line number="509" hits="0"></line>
						<line number="510" hits="0"></line>
						<line number="511" hits="0"></line>
						<line number="522" hits="0"></line>
						<line number="524" hits="0"></line>
						<line number="525" hits="0"></line>
						<line number="526" hits="0"></line>
						<line number="500" hits="0"></line>
						<line number="530" hits="0"></line>
						<line number="531" hits="0"></line>
						<line number="532" hits="0"></line>
						<line number="537" hits="0"></line>
						<line number="575" hits="0"></line>
						<line number="538" hits="0"></line>
						<line number="540" hits="0"></line>
						<line number="541" hits="0"></line>
						<line number="542" hits="0"></line>
						<line number="543" hits="0"></line>
						<line number="548" hits="0"></line>
						<line number="550" hits="0"></line>
						<line number="551" hits="0"></line>
						<line number="552" hits="0"></line>
						<line number="553" hits="0"></line>
						<line number="554" hits="0"></line>
						<line number="555" hits="0"></line>
						<line number="556" hits="0"></line>
						<line number="561" hits="0"></line>
						<line number="563" hits="0"></line>
						<line number="571" hits="0"></line>
						<line number="572" hits="0"></line>
						<line number="573" hits="0"></line>
						<line number="564" hits="0"></line>
						<line number="565" hits="0"></line>
						<line number="612" hits="0"></line>
						<line number="613" hits="0"></line>
						<line number="614" hits="0"></line>
						<line number="616" hits="0"></line>
						<line number="618" hits="0"></line>
						<line number="619" hits="0"></line>
						<line number="620" hits="0"></line>
						<line number="621" hits="0"></line>
						<line number="625" hits="0"></line>
						<line number="626" hits="0"></line>
						<line number="627" hits="0"></line>
						<line number="628" hits="0"></line>
						<line number="629" hits="0"></line>
						<line number="630" hits="0"></line>
						<line number="631" hits="0"></line>
						<line number="632" hits="0"></line>
						<line number="633" hits="0"></line>
						<line number="634" hits="0"></line>
						<line number="636" hits="0"></line>
						<line number="637" hits="0"></line>
						<line number="642" hits="0"></line>
						<line number="643" hits="0"></line>
						<line number="646" hits="0"></line>
						<line number="651" hits="0"></line>
						<line number="654" hits="0"></line>
						<line number="655" hits="0"></line>
						<line number="656" hits="0"></line>
						<line number="657" hits="0"></line>
						<line number="662" hits="0"></line>
						<line number="663" hits="0"></line>
						<line number="665" hits="0"></line>
						<line number="672" hits="0"></line>
						<line number="673" hits="0"></line>
						<line number="674" hits="0"></line>
						<line number="675" hits="0"></line>
						<line number="676" hits="0"></line>
						<line number="677" hits="0"></line>
						<line number="679" hits="0"></line>
						<line number="680" hits="0"></line>
						<line number="681" hits="0"></line>
						<line number="687" hits="0"></line>
						<line number="688" hits="0"></line>
						<line number="689" hits="0"></line>
						<line number="691" hits="0"></line>
						<line number="692" hits="0"></line>
						<line number="696" hits="0"></line>
						<line number="693" hits="0"></line>
						<line number="694" hits="0"></line>
						<line number="705" hits="0"></line>
						<line number="706" hits="0"></line>
						<line number="707" hits="0"></line>
						<line number="708" hits="0"></line>
						<line number="709" hits="0"></line>
						<line number="711" hits="0"></line>
						<line number="713" hits="0"></line>
						<line number="714" hits="0"></line>
						<line number="715" hits="0"></line>
						<line number="716" hits="0"></line>
						<line number="718" hits="0"></line>
						<line number="727" hits="0"></line>
						<line number="728" hits="0"></line>
						<line number="729" hits="0"></line>
						<line number="730" hits="0"></line>
						<line number="731" hits="0"></line>
						<line number="740" hits="0"></line>
						<line number="744" hits="0"></line>
						<line number="745" hits="0"></line>
						<line number="749" hits="0"></line>
						<line number="750" hits="0"></line>
						<line number="754" hits="0"></line>
						<line number="755" hits="0"></line>
						<line number="756" hits="0"></line>
						<line number="757" hits="0"></line>
						<line number="758" hits="0"></line>
						<line number="759" hits="0"></line>
						<line number="763" hits="0"></line>
						<line number="764" hits="0"></line>
						<line number="765" hits="0"></line>
						<line number="766" hits="0"></line>
						<line number="767" hits="0"></line>
						<line number="768" hits="0"></line>
						<line number="769" hits="0"></line>
						<line number="771" hits="0"></line>
						<line number="772" hits="0"></line>
						<line number="773" hits="0"></line>
						<line number="774" hits="0"></line>
						<line number="775" hits="0"></line>
						<line number="776" hits="0"></line>
						<line number="777" hits="0"></line>
						<line number="778" hits="0"></line>
						<line number="783" hits="0"></line>
						<line number="784" hits="0"></line>
						<line number="788" hits="0"></line>
						<line number="789" hits="0"></line>
						<line number="793" hits="0"></line>
						<line number="794" hits="0"></line>
						<line number="795" hits="0"></line>
						<line number="796" hits="0"></line>
						<line number="797" hits="0"></line>
						<line number="798" hits="0"></line>
						<line number="802" hits="0"></line>
						<line number="803" hits="0"></line>
						<line number="804" hits="0"></line>
						<line number="805" hits="0"></line>
						<line number="806" hits="0"></line>
						<line number="811" hits="0"></line>
						<line number="815" hits="0"></line>
						<line number="816" hits="0"></line>
						<line number="820" hits="0"></line>
						<line number="821" hits="0"></line>
						<line number="825" hits="0"></line>
						<line number="826" hits="0"></line>
						<line number="827" hits="0"></line>
						<line number="828" hits="0"></line>
						<line number="829" hits="0"></line>
						<line number="830" hits="0"></line>
						<line number="834" hits="0"></line>
						<line number="835" hits="0"></line>
						<line number="836" hits="0"></line>
						<line number="837" hits="0"></line>
						<line number="838" hits="0"></line>
						<line number="839" hits="0"></line>
						<line number="840" hits="0"></line>
						<line number="842" hits="0"></line>
						<line number="843" hits="0"></line>
						<line number="844" hits="0"></line>
						<line number="845" hits="0"></line>
						<line number="846" hits="0"></line>
						<line number="847" hits="0"></line>
						<line number="848" hits="0"></line>
						<line number="849" hits="0"></line>
						<line number="854" hits="0"></line>
						<line number="855" hits="0"></line>
						<line number="859" hits="0"></line>
						<line number="860" hits="0"></line>
						<line number="864" hits="0"></line>
						<line number="865" hits="0"></line>
						<line number="866" hits="0"></line>
						<line number="867" hits="0"></line>
						<line number="868" hits="0"></line>
						<line number="869" hits="0"></line>
						<line number="873" hits="0"></line>
						<line number="874" hits="0"></line>
						<line number="875" hits="0"></line>
						<line number="876" hits="0"></line>
						<line number="880" hits="0"></line>
						<line number="881" hits="0"></line>
						<line number="882" hits="0"></line>
						<line number="883" hits="0"></line>
						<line number="884" hits="0"></line>
						<line number="885" hits="0"></line>
						<line number="886" hits="0"></line>
						<line number="887" hits="0"></line>
						<line number="889" hits="0"></line>
						<line number="890" hits="0"></line>
						<line number="891" hits="0"></line>
						<line number="892" hits="0"></line>
						<line number="897" hits="0"></line>
						<line number="898" hits="0"></line>
						<line number="902" hits="0"></line>
						<line number="903" hits="0"></line>
						<line number="907" hits="0"></line>
						<line number="908" hits="0"></line>
						<line number="909" hits="0"></line>
						<line number="910" hits="0"></line>
						<line number="911" hits="0"></line>
						<line number="912" hits="0"></line>
					</lines>
				</class>
			</classes>
		</package>
		<package name="github.com/pingcap-inc/tiem/library/secondparty/libtiup" line-rate="0.010968922" branch-rate="0" complexity="0" line-count="547" line-hits="6">
			<classes>
				<class name="-" filename="library/secondparty/libtiup/attr_nonlinux.go" line-rate="0" branch-rate="0" complexity="0" line-count="1" line-hits="0">
					<methods>
						<method name="genSysProcAttr" signature="" line-rate="0" branch-rate="0" complexity="0" line-count="0" line-hits="0">
							<lines>
								<line number="8" hits="0"></line>
							</lines>
						</method>
					</methods>
					<lines>
						<line number="8" hits="0"></line>
					</lines>
				</class>
				<class name="-" filename="library/secondparty/libtiup/libtiup.go" line-rate="0.010989011" branch-rate="0" complexity="0" line-count="546" line-hits="6">
					<methods>
						<method name="TiupMgrInit" signature="" line-rate="1" branch-rate="0" complexity="0" line-count="0" line-hits="0">
							<lines>
								<line number="187" hits="1"></line>
								<line number="188" hits="1"></line>
								<line number="189" hits="1"></line>
								<line number="191" hits="1"></line>
								<line number="193" hits="1"></line>
								<line number="194" hits="1"></line>
							</lines>
						</method>
						<method name="assert" signature="" line-rate="0" branch-rate="0" complexity="0" line-count="0" line-hits="0">
							<lines>
								<line number="198" hits="0"></line>
								<line number="200" hits="0"></line>
								<line number="202" hits="0"></line>
							</lines>
						</method>
						<method name="myPanic" signature="" line-rate="0" branch-rate="0" complexity="0" line-count="0" line-hits="0">
							<lines>
								<line number="207" hits="0"></line>
								<line number="208" hits="0"></line>
								<line number="210" hits="0"></line>
							</lines>
						</method>
						<method name="jsonMustMarshal" signature="" line-rate="0" branch-rate="0" complexity="0" line-count="0" line-hits="0">
							<lines>
								<line number="214" hits="0"></line>
								<line number="215" hits="0"></line>
								<line number="216" hits="0"></line>
							</lines>
						</method>
						<method name="glMgrStatusMapSync" signature="" line-rate="0" branch-rate="0" complexity="0" line-count="0" line-hits="0">
							<lines>
								<line number="220" hits="0"></line>
								<line number="221" hits="0"></line>
								<line number="222" hits="0"></line>
								<line number="223" hits="0"></line>
								<line number="224" hits="0"></line>
								<line number="226" hits="0"></line>
								<line number="227" hits="0"></line>
								<line number="230" hits="0"></line>
								<line number="231" hits="0"></line>
								<line number="232" hits="0"></line>
								<line number="233" hits="0"></line>
								<line number="234" hits="0"></line>
								<line number="236" hits="0"></line>
								<line number="238" hits="0"></line>
								<line number="244" hits="0"></line>
							</lines>
						</method>
						<method name="glMgrStatusMapGetAll" signature="" line-rate="0" branch-rate="0" complexity="0" line-count="0" line-hits="0">
							<lines>
								<line number="250" hits="0"></line>
								<line number="251" hits="0"></line>
								<line number="252" hits="0"></line>
								<line number="253" hits="0"></line>
								<line number="256" hits="0"></line>
								<line number="257" hits="0"></line>
								<line number="259" hits="0"></line>
								<line number="260" hits="0"></line>
								<line number="261" hits="0"></line>
								<line number="263" hits="0"></line>
								<line number="264" hits="0"></line>
								<line number="265" hits="0"></line>
								<line number="266" hits="0"></line>
								<line number="268" hits="0"></line>
							</lines>
						</method>
						<method name="mgrHandleCmdDeployReq" signature="" line-rate="0" branch-rate="0" complexity="0" line-count="0" line-hits="0">
							<lines>
								<line number="272" hits="0"></line>
								<line number="273" hits="0"></line>
								<line number="274" hits="0"></line>
								<line number="275" hits="0"></line>
								<line number="276" hits="0"></line>
								<line number="278" hits="0"></line>
								<line number="279" hits="0"></line>
							</lines>
						</method>
						<method name="mgrHandleCmdStartReq" signature="" line-rate="0" branch-rate="0" complexity="0" line-count="0" line-hits="0">
							<lines>
								<line number="283" hits="0"></line>
								<line number="284" hits="0"></line>
								<line number="285" hits="0"></line>
								<line number="286" hits="0"></line>
								<line number="287" hits="0"></line>
								<line number="289" hits="0"></line>
								<line number="290" hits="0"></line>
							</lines>
						</method>
						<method name="mgrHandleCmdListReq" signature="" line-rate="0" branch-rate="0" complexity="0" line-count="0" line-hits="0">
							<lines>
								<line number="294" hits="0"></line>
								<line number="295" hits="0"></line>
								<line number="296" hits="0"></line>
								<line number="297" hits="0"></line>
								<line number="298" hits="0"></line>
								<line number="300" hits="0"></line>
								<line number="301" hits="0"></line>
							</lines>
						</method>
						<method name="mgrHandleCmdDestroyReq" signature="" line-rate="0" branch-rate="0" complexity="0" line-count="0" line-hits="0">
							<lines>
								<line number="305" hits="0"></line>
								<line number="306" hits="0"></line>
								<line number="307" hits="0"></line>
								<line number="308" hits="0"></line>
								<line number="309" hits="0"></line>
								<line number="311" hits="0"></line>
								<line number="312" hits="0"></line>
							</lines>
						</method>
						<method name="mgrHandleCmdGetAllTaskStatusReq" signature="" line-rate="0" branch-rate="0" complexity="0" line-count="0" line-hits="0">
							<lines>
								<line number="316" hits="0"></line>
								<line number="317" hits="0"></line>
								<line number="318" hits="0"></line>
								<line number="319" hits="0"></line>
								<line number="321" hits="0"></line>
								<line number="322" hits="0"></line>
							</lines>
						</method>
						<method name="mgrHandleCmdDumplingReq" signature="" line-rate="0" branch-rate="0" complexity="0" line-count="0" line-hits="0">
							<lines>
								<line number="328" hits="0"></line>
								<line number="329" hits="0"></line>
								<line number="330" hits="0"></line>
								<line number="331" hits="0"></line>
								<line number="332" hits="0"></line>
								<line number="334" hits="0"></line>
								<line number="335" hits="0"></line>
							</lines>
						</method>
						<method name="mgrHandleCmdLightningReq" signature="" line-rate="0" branch-rate="0" complexity="0" line-count="0" line-hits="0">
							<lines>
								<line number="339" hits="0"></line>
								<line number="340" hits="0"></line>
								<line number="341" hits="0"></line>
								<line number="342" hits="0"></line>
								<line number="343" hits="0"></line>
								<line number="345" hits="0"></line>
								<line number="346" hits="0"></line>
							</lines>
						</method>
						<method name="mgrHandleClusterDisplayReq" signature="" line-rate="0" branch-rate="0" complexity="0" line-count="0" line-hits="0">
							<lines>
								<line number="350" hits="0"></line>
								<line number="351" hits="0"></line>
								<line number="352" hits="0"></line>
								<line number="353" hits="0"></line>
								<line number="354" hits="0"></line>
								<line number="356" hits="0"></line>
								<line number="357" hits="0"></line>
							</lines>
						</method>
						<method name="newTmpFileWithContent" signature="" line-rate="0" branch-rate="0" complexity="0" line-count="0" line-hits="0">
							<lines>
								<line number="361" hits="0"></line>
								<line number="362" hits="0"></line>
								<line number="363" hits="0"></line>
								<line number="364" hits="0"></line>
								<line number="366" hits="0"></line>
								<line number="367" hits="0"></line>
								<line number="368" hits="0"></line>
								<line number="369" hits="0"></line>
								<line number="370" hits="0"></line>
								<line number="371" hits="0"></line>
								<line number="372" hits="0"></line>
								<line number="373" hits="0"></line>
								<line number="375" hits="0"></line>
								<line number="376" hits="0"></line>
								<line number="378" hits="0"></line>
							</lines>
						</method>
						<method name="mgrStartNewTiupTask" signature="" line-rate="0" branch-rate="0" complexity="0" line-count="0" line-hits="0">
							<lines>
								<line number="382" hits="0"></line>
								<line number="383" hits="0"></line>
								<line number="384" hits="0"></line>
								<line number="386" hits="0"></line>
								<line number="391" hits="0"></line>
								<line number="456" hits="0"></line>
							</lines>
						</method>
						<method name="@391:5" signature="" line-rate="0" branch-rate="0" complexity="0" line-count="0" line-hits="0">
							<lines>
								<line number="392" hits="0"></line>
								<line number="393" hits="0"></line>
								<line number="394" hits="0"></line>
								<line number="395" hits="0"></line>
								<line number="396" hits="0"></line>
								<line number="397" hits="0"></line>
								<line number="398" hits="0"></line>
								<line number="400" hits="0"></line>
								<line number="401" hits="0"></line>
								<line number="403" hits="0"></line>
								<line number="404" hits="0"></line>
								<line number="405" hits="0"></line>
								<line number="406" hits="0"></line>
								<line number="407" hits="0"></line>
								<line number="409" hits="0"></line>
								<line number="414" hits="0"></line>
								<line number="416" hits="0"></line>
								<line number="418" hits="0"></line>
								<line number="427" hits="0"></line>
								<line number="429" hits="0"></line>
								<line number="430" hits="0"></line>
								<line number="431" hits="0"></line>
								<line number="433" hits="0"></line>
								<line number="434" hits="0"></line>
								<line number="435" hits="0"></line>
								<line number="436" hits="0"></line>
								<line number="437" hits="0"></line>
								<line number="441" hits="0"></line>
								<line number="443" hits="0"></line>
								<line number="448" hits="0"></line>
								<line number="450" hits="0"></line>
								<line number="452" hits="0"></line>
								<line number="453" hits="0"></line>
							</lines>
						</method>
						<method name="@401:15" signature="" line-rate="NaN" branch-rate="0" complexity="0" line-count="0" line-hits="0">
							<lines></lines>
						</method>
						<method name="@418:16" signature="" line-rate="0" branch-rate="0" complexity="0" line-count="0" line-hits="0">
							<lines>
								<line number="419" hits="0"></line>
								<line number="421" hits="0"></line>
							</lines>
						</method>
						<method name="mgrStartNewTiupDeployTask" signature="" line-rate="0" branch-rate="0" complexity="0" line-count="0" line-hits="0">
							<lines>
								<line number="460" hits="0"></line>
								<line number="461" hits="0"></line>
								<line number="462" hits="0"></line>
								<line number="467" hits="0"></line>
								<line number="469" hits="0"></line>
							</lines>
						</method>
						<method name="@469:5" signature="" line-rate="0" branch-rate="0" complexity="0" line-count="0" line-hits="0">
							<lines>
								<line number="470" hits="0"></line>
								<line number="471" hits="0"></line>
								<line number="472" hits="0"></line>
								<line number="473" hits="0"></line>
								<line number="474" hits="0"></line>
								<line number="475" hits="0"></line>
							</lines>
						</method>
						<method name="mgrStartNewTiupStartTask" signature="" line-rate="0" branch-rate="0" complexity="0" line-count="0" line-hits="0">
							<lines>
								<line number="480" hits="0"></line>
							</lines>
						</method>
						<method name="@480:5" signature="" line-rate="0" branch-rate="0" complexity="0" line-count="0" line-hits="0">
							<lines>
								<line number="481" hits="0"></line>
								<line number="482" hits="0"></line>
								<line number="483" hits="0"></line>
								<line number="484" hits="0"></line>
								<line number="485" hits="0"></line>
							</lines>
						</method>
						<method name="mgrStartNewTiupListTask" signature="" line-rate="0" branch-rate="0" complexity="0" line-count="0" line-hits="0">
							<lines>
								<line number="490" hits="0"></line>
								<line number="491" hits="0"></line>
								<line number="492" hits="0"></line>
								<line number="493" hits="0"></line>
								<line number="494" hits="0"></line>
								<line number="496" hits="0"></line>
								<line number="498" hits="0"></line>
								<line number="499" hits="0"></line>
								<line number="500" hits="0"></line>
								<line number="501" hits="0"></line>
								<line number="502" hits="0"></line>
								<line number="503" hits="0"></line>
								<line number="505" hits="0"></line>
								<line number="506" hits="0"></line>
								<line number="508" hits="0"></line>
								<line number="509" hits="0"></line>
								<line number="510" hits="0"></line>
								<line number="511" hits="0"></line>
								<line number="512" hits="0"></line>
								<line number="513" hits="0"></line>
								<line number="515" hits="0"></line>
								<line number="516" hits="0"></line>
								<line number="518" hits="0"></line>
								<line number="519" hits="0"></line>
							</lines>
						</method>
						<method name="@506:14" signature="" line-rate="NaN" branch-rate="0" complexity="0" line-count="0" line-hits="0">
							<lines></lines>
						</method>
						<method name="mgrStartNewTiupDestroyTask" signature="" line-rate="0" branch-rate="0" complexity="0" line-count="0" line-hits="0">
							<lines>
								<line number="523" hits="0"></line>
							</lines>
						</method>
						<method name="@523:5" signature="" line-rate="0" branch-rate="0" complexity="0" line-count="0" line-hits="0">
							<lines>
								<line number="524" hits="0"></line>
								<line number="525" hits="0"></line>
								<line number="526" hits="0"></line>
								<line number="527" hits="0"></line>
								<line number="528" hits="0"></line>
							</lines>
						</method>
						<method name="mgrStartNewTiupDumplingTask" signature="" line-rate="0" branch-rate="0" complexity="0" line-count="0" line-hits="0">
							<lines>
								<line number="533" hits="0"></line>
							</lines>
						</method>
						<method name="@533:5" signature="" line-rate="0" branch-rate="0" complexity="0" line-count="0" line-hits="0">
							<lines>
								<line number="534" hits="0"></line>
								<line number="535" hits="0"></line>
								<line number="536" hits="0"></line>
								<line number="537" hits="0"></line>
							</lines>
						</method>
						<method name="mgrStartNewTiupLightningTask" signature="" line-rate="0" branch-rate="0" complexity="0" line-count="0" line-hits="0">
							<lines>
								<line number="542" hits="0"></line>
							</lines>
						</method>
						<method name="@542:5" signature="" line-rate="0" branch-rate="0" complexity="0" line-count="0" line-hits="0">
							<lines>
								<line number="543" hits="0"></line>
								<line number="544" hits="0"></line>
								<line number="545" hits="0"></line>
								<line number="546" hits="0"></line>
							</lines>
						</method>
						<method name="mgrStartNewTiupClusterDisplayTask" signature="" line-rate="0" branch-rate="0" complexity="0" line-count="0" line-hits="0">
							<lines>
								<line number="551" hits="0"></line>
								<line number="552" hits="0"></line>
								<line number="553" hits="0"></line>
								<line number="554" hits="0"></line>
								<line number="555" hits="0"></line>
								<line number="557" hits="0"></line>
								<line number="559" hits="0"></line>
								<line number="560" hits="0"></line>
								<line number="561" hits="0"></line>
								<line number="562" hits="0"></line>
								<line number="563" hits="0"></line>
								<line number="564" hits="0"></line>
								<line number="566" hits="0"></line>
								<line number="567" hits="0"></line>
								<line number="569" hits="0"></line>
								<line number="570" hits="0"></line>
								<line number="571" hits="0"></line>
								<line number="572" hits="0"></line>
								<line number="573" hits="0"></line>
								<line number="574" hits="0"></line>
								<line number="576" hits="0"></line>
								<line number="577" hits="0"></line>
								<line number="579" hits="0"></line>
								<line number="580" hits="0"></line>
							</lines>
						</method>
						<method name="@567:14" signature="" line-rate="NaN" branch-rate="0" complexity="0" line-count="0" line-hits="0">
							<lines></lines>
						</method>
						<method name="TiupMgrRoutine" signature="" line-rate="0" branch-rate="0" complexity="0" line-count="0" line-hits="0">
							<lines>
								<line number="584" hits="0"></line>
								<line number="585" hits="0"></line>
								<line number="588" hits="0"></line>
								<line number="590" hits="0"></line>
								<line number="592" hits="0"></line>
								<line number="593" hits="0"></line>
								<line number="596" hits="0"></line>
								<line number="597" hits="0"></line>
								<line number="598" hits="0"></line>
								<line number="599" hits="0"></line>
								<line number="600" hits="0"></line>
								<line number="601" hits="0"></line>
								<line number="603" hits="0"></line>
								<line number="604" hits="0"></line>
								<line number="605" hits="0"></line>
								<line number="607" hits="0"></line>
								<line number="608" hits="0"></line>
								<line number="609" hits="0"></line>
								<line number="611" hits="0"></line>
								<line number="612" hits="0"></line>
								<line number="613" hits="0"></line>
								<line number="615" hits="0"></line>
								<line number="616" hits="0"></line>
								<line number="617" hits="0"></line>
								<line number="619" hits="0"></line>
								<line number="620" hits="0"></line>
								<line number="621" hits="0"></line>
								<line number="623" hits="0"></line>
								<line number="624" hits="0"></line>
								<line number="625" hits="0"></line>
								<line number="627" hits="0"></line>
								<line number="628" hits="0"></line>
								<line number="629" hits="0"></line>
								<line number="631" hits="0"></line>
								<line number="632" hits="0"></line>
								<line number="633" hits="0"></line>
								<line number="635" hits="0"></line>
								<line number="636" hits="0"></line>
								<line number="637" hits="0"></line>
								<line number="639" hits="0"></line>
								<line number="641" hits="0"></line>
								<line number="642" hits="0"></line>
								<line number="643" hits="0"></line>
								<line number="645" hits="0"></line>
								<line number="647" hits="0"></line>
								<line number="648" hits="0"></line>
								<line number="650" hits="0"></line>
							</lines>
						</method>
						<method name="MicroInit" signature="" line-rate="0" branch-rate="0" complexity="0" line-count="0" line-hits="0">
							<lines>
								<line number="664" hits="0"></line>
								<line number="665" hits="0"></line>
								<line number="666" hits="0"></line>
								<line number="668" hits="0"></line>
								<line number="670" hits="0"></line>
								<line number="671" hits="0"></line>
								<line number="672" hits="0"></line>
								<line number="673" hits="0"></line>
								<line number="674" hits="0"></line>
							</lines>
						</method>
						<method name="glMicroTaskStatusMapSyncer" signature="" line-rate="0" branch-rate="0" complexity="0" line-count="0" line-hits="0">
							<lines>
								<line number="678" hits="0"></line>
								<line number="679" hits="0"></line>
								<line number="680" hits="0"></line>
								<line number="681" hits="0"></line>
								<line number="682" hits="0"></line>
								<line number="683" hits="0"></line>
								<line number="684" hits="0"></line>
								<line number="685" hits="0"></line>
								<line number="686" hits="0"></line>
								<line number="687" hits="0"></line>
								<line number="689" hits="0"></line>
								<line number="690" hits="0"></line>
								<line number="695" hits="0"></line>
								<line number="696" hits="0"></line>
								<line number="699" hits="0"></line>
								<line number="704" hits="0"></line>
								<line number="707" hits="0"></line>
								<line number="708" hits="0"></line>
								<line number="709" hits="0"></line>
								<line number="710" hits="0"></line>
								<line number="715" hits="0"></line>
								<line number="716" hits="0"></line>
								<line number="718" hits="0"></line>
							</lines>
						</method>
						<method name="microTiupDeploy" signature="" line-rate="0" branch-rate="0" complexity="0" line-count="0" line-hits="0">
							<lines>
								<line number="725" hits="0"></line>
								<line number="726" hits="0"></line>
								<line number="730" hits="0"></line>
								<line number="731" hits="0"></line>
								<line number="735" hits="0"></line>
								<line number="736" hits="0"></line>
								<line number="737" hits="0"></line>
								<line number="738" hits="0"></line>
								<line number="739" hits="0"></line>
								<line number="740" hits="0"></line>
							</lines>
						</method>
						<method name="MicroSrvTiupDeploy" signature="" line-rate="0" branch-rate="0" complexity="0" line-count="0" line-hits="0">
							<lines>
								<line number="744" hits="0"></line>
								<line number="745" hits="0"></line>
								<line number="746" hits="0"></line>
								<line number="747" hits="0"></line>
								<line number="748" hits="0"></line>
								<line number="749" hits="0"></line>
								<line number="750" hits="0"></line>
								<line number="752" hits="0"></line>
								<line number="753" hits="0"></line>
								<line number="754" hits="0"></line>
								<line number="755" hits="0"></line>
								<line number="756" hits="0"></line>
								<line number="757" hits="0"></line>
								<line number="758" hits="0"></line>
								<line number="759" hits="0"></line>
								<line number="760" hits="0"></line>
								<line number="761" hits="0"></line>
							</lines>
						</method>
						<method name="microTiupList" signature="" line-rate="0" branch-rate="0" complexity="0" line-count="0" line-hits="0">
							<lines>
								<line number="766" hits="0"></line>
								<line number="767" hits="0"></line>
								<line number="771" hits="0"></line>
								<line number="772" hits="0"></line>
								<line number="776" hits="0"></line>
								<line number="777" hits="0"></line>
								<line number="778" hits="0"></line>
								<line number="779" hits="0"></line>
								<line number="780" hits="0"></line>
								<line number="781" hits="0"></line>
							</lines>
						</method>
						<method name="MicroSrvTiupList" signature="" line-rate="0" branch-rate="0" complexity="0" line-count="0" line-hits="0">
							<lines>
								<line number="785" hits="0"></line>
								<line number="786" hits="0"></line>
								<line number="787" hits="0"></line>
								<line number="788" hits="0"></line>
								<line number="789" hits="0"></line>
								<line number="791" hits="0"></line>
								<line number="792" hits="0"></line>
								<line number="794" hits="0"></line>
								<line number="795" hits="0"></line>
								<line number="796" hits="0"></line>
								<line number="797" hits="0"></line>
								<line number="798" hits="0"></line>
								<line number="799" hits="0"></line>
								<line number="800" hits="0"></line>
							</lines>
						</method>
						<method name="microTiupStart" signature="" line-rate="0" branch-rate="0" complexity="0" line-count="0" line-hits="0">
							<lines>
								<line number="805" hits="0"></line>
								<line number="806" hits="0"></line>
								<line number="810" hits="0"></line>
								<line number="811" hits="0"></line>
								<line number="815" hits="0"></line>
								<line number="816" hits="0"></line>
								<line number="817" hits="0"></line>
								<line number="818" hits="0"></line>
								<line number="819" hits="0"></line>
								<line number="820" hits="0"></line>
							</lines>
						</method>
						<method name="MicroSrvTiupStart" signature="" line-rate="0" branch-rate="0" complexity="0" line-count="0" line-hits="0">
							<lines>
								<line number="824" hits="0"></line>
								<line number="825" hits="0"></line>
								<line number="826" hits="0"></line>
								<line number="827" hits="0"></line>
								<line number="828" hits="0"></line>
								<line number="829" hits="0"></line>
								<line number="830" hits="0"></line>
								<line number="832" hits="0"></line>
								<line number="833" hits="0"></line>
								<line number="834" hits="0"></line>
								<line number="835" hits="0"></line>
								<line number="836" hits="0"></line>
								<line number="837" hits="0"></line>
								<line number="838" hits="0"></line>
								<line number="839" hits="0"></line>
							</lines>
						</method>
						<method name="microTiupDestroy" signature="" line-rate="0" branch-rate="0" complexity="0" line-count="0" line-hits="0">
							<lines>
								<line number="844" hits="0"></line>
								<line number="845" hits="0"></line>
								<line number="849" hits="0"></line>
								<line number="850" hits="0"></line>
								<line number="854" hits="0"></line>
								<line number="855" hits="0"></line>
								<line number="856" hits="0"></line>
								<line number="857" hits="0"></line>
								<line number="858" hits="0"></line>
								<line number="859" hits="0"></line>
							</lines>
						</method>
						<method name="MicroSrvTiupDestroy" signature="" line-rate="0" branch-rate="0" complexity="0" line-count="0" line-hits="0">
							<lines>
								<line number="863" hits="0"></line>
								<line number="864" hits="0"></line>
								<line number="865" hits="0"></line>
								<line number="866" hits="0"></line>
								<line number="867" hits="0"></line>
								<line number="868" hits="0"></line>
								<line number="869" hits="0"></line>
								<line number="871" hits="0"></line>
								<line number="872" hits="0"></line>
								<line number="873" hits="0"></line>
								<line number="874" hits="0"></line>
								<line number="875" hits="0"></line>
								<line number="876" hits="0"></line>
								<line number="877" hits="0"></line>
								<line number="878" hits="0"></line>
							</lines>
						</method>
						<method name="MicroSrvTiupGetTaskStatus" signature="" line-rate="0" branch-rate="0" complexity="0" line-count="0" line-hits="0">
							<lines>
								<line number="883" hits="0"></line>
								<line number="884" hits="0"></line>
								<line number="885" hits="0"></line>
								<line number="886" hits="0"></line>
								<line number="887" hits="0"></line>
								<line number="888" hits="0"></line>
								<line number="890" hits="0"></line>
								<line number="891" hits="0"></line>
								<line number="892" hits="0"></line>
								<line number="893" hits="0"></line>
							</lines>
						</method>
						<method name="MicroSrvTiupGetTaskStatusByBizID" signature="" line-rate="0" branch-rate="0" complexity="0" line-count="0" line-hits="0">
							<lines>
								<line number="898" hits="0"></line>
								<line number="899" hits="0"></line>
								<line number="900" hits="0"></line>
								<line number="901" hits="0"></line>
								<line number="902" hits="0"></line>
								<line number="903" hits="0"></line>
								<line number="905" hits="0"></line>
							</lines>
						</method>
						<method name="microTiupGetAllTaskStatus" signature="" line-rate="0" branch-rate="0" complexity="0" line-count="0" line-hits="0">
							<lines>
								<line number="910" hits="0"></line>
								<line number="911" hits="0"></line>
								<line number="915" hits="0"></line>
								<line number="916" hits="0"></line>
								<line number="920" hits="0"></line>
								<line number="921" hits="0"></line>
								<line number="922" hits="0"></line>
								<line number="923" hits="0"></line>
								<line number="924" hits="0"></line>
								<line number="925" hits="0"></line>
							</lines>
						</method>
						<method name="microTiupDumpling" signature="" line-rate="0" branch-rate="0" complexity="0" line-count="0" line-hits="0">
							<lines>
								<line number="929" hits="0"></line>
								<line number="930" hits="0"></line>
								<line number="934" hits="0"></line>
								<line number="935" hits="0"></line>
								<line number="939" hits="0"></line>
								<line number="940" hits="0"></line>
								<line number="941" hits="0"></line>
								<line number="942" hits="0"></line>
								<line number="943" hits="0"></line>
								<line number="944" hits="0"></line>
							</lines>
						</method>
						<method name="MicroSrvTiupDumpling" signature="" line-rate="0" branch-rate="0" complexity="0" line-count="0" line-hits="0">
							<lines>
								<line number="948" hits="0"></line>
								<line number="949" hits="0"></line>
								<line number="950" hits="0"></line>
								<line number="951" hits="0"></line>
								<line number="952" hits="0"></line>
								<line number="953" hits="0"></line>
								<line number="954" hits="0"></line>
								<line number="956" hits="0"></line>
								<line number="957" hits="0"></line>
								<line number="958" hits="0"></line>
								<line number="959" hits="0"></line>
								<line number="960" hits="0"></line>
								<line number="961" hits="0"></line>
								<line number="962" hits="0"></line>
							</lines>
						</method>
						<method name="microTiupLightning" signature="" line-rate="0" branch-rate="0" complexity="0" line-count="0" line-hits="0">
							<lines>
								<line number="967" hits="0"></line>
								<line number="968" hits="0"></line>
								<line number="972" hits="0"></line>
								<line number="973" hits="0"></line>
[...]
								<line number="41" hits="1"></line>
							</lines>
						</method>
						<method name="Logout" signature="" line-rate="0.9" branch-rate="0" complexity="0" line-count="0" line-hits="0">
							<lines>
								<line number="46" hits="1"></line>
								<line number="48" hits="1"></line>
								<line number="49" hits="1"></line>
								<line number="50" hits="1"></line>
								<line number="51" hits="1"></line>
								<line number="53" hits="1"></line>
								<line number="54" hits="1"></line>
								<line number="56" hits="1"></line>
								<line number="57" hits="0"></line>
								<line number="60" hits="1"></line>
							</lines>
						</method>
						<method name="Accessible" signature="" line-rate="0.42307693" branch-rate="0" complexity="0" line-count="0" line-hits="0">
							<lines>
								<line number="66" hits="1"></line>
								<line number="67" hits="1"></line>
								<line number="68" hits="1"></line>
								<line number="71" hits="1"></line>
								<line number="73" hits="1"></line>
								<line number="74" hits="1"></line>
								<line number="77" hits="1"></line>
								<line number="78" hits="1"></line>
								<line number="79" hits="1"></line>
								<line number="81" hits="1"></line>
								<line number="83" hits="1"></line>
								<line number="87" hits="0"></line>
								<line number="88" hits="0"></line>
								<line number="89" hits="0"></line>
								<line number="93" hits="0"></line>
								<line number="94" hits="0"></line>
								<line number="95" hits="0"></line>
								<line number="99" hits="0"></line>
								<line number="100" hits="0"></line>
								<line number="101" hits="0"></line>
								<line number="104" hits="0"></line>
								<line number="106" hits="0"></line>
								<line number="107" hits="0"></line>
								<line number="110" hits="0"></line>
								<line number="111" hits="0"></line>
								<line number="114" hits="0"></line>
							</lines>
						</method>
						<method name="findAccountAggregation" signature="" line-rate="1" branch-rate="0" complexity="0" line-count="0" line-hits="0">
							<lines>
								<line number="119" hits="1"></line>
								<line number="120" hits="1"></line>
								<line number="121" hits="1"></line>
								<line number="124" hits="1"></line>
							</lines>
						</method>
						<method name="findPermissionAggregationByCode" signature="" line-rate="0" branch-rate="0" complexity="0" line-count="0" line-hits="0">
							<lines>
								<line number="128" hits="0"></line>
								<line number="129" hits="0"></line>
							</lines>
						</method>
						<method name="checkAuth" signature="" line-rate="1" branch-rate="0" complexity="0" line-count="0" line-hits="0">
							<lines>
								<line number="135" hits="1"></line>
								<line number="137" hits="1"></line>
								<line number="138" hits="1"></line>
								<line number="141" hits="1"></line>
								<line number="143" hits="1"></line>
								<line number="144" hits="1"></line>
								<line number="147" hits="1"></line>
								<line number="149" hits="1"></line>
								<line number="150" hits="1"></line>
								<line number="153" hits="1"></line>
								<line number="154" hits="1"></line>
								<line number="155" hits="1"></line>
								<line number="159" hits="1"></line>
							</lines>
						</method>
					</methods>
					<lines>
						<line number="17" hits="1"></line>
						<line number="19" hits="1"></line>
						<line number="20" hits="1"></line>
						<line number="23" hits="1"></line>
						<line number="24" hits="1"></line>
						<line number="25" hits="1"></line>
						<line number="28" hits="1"></line>
						<line number="29" hits="1"></line>
						<line number="30" hits="1"></line>
						<line number="33" hits="1"></line>
						<line number="35" hits="1"></line>
						<line number="36" hits="0"></line>
						<line number="38" hits="1"></line>
						<line number="41" hits="1"></line>
						<line number="46" hits="1"></line>
						<line number="48" hits="1"></line>
						<line number="49" hits="1"></line>
						<line number="50" hits="1"></line>
						<line number="51" hits="1"></line>
						<line number="53" hits="1"></line>
						<line number="54" hits="1"></line>
						<line number="56" hits="1"></line>
						<line number="57" hits="0"></line>
						<line number="60" hits="1"></line>
						<line number="66" hits="1"></line>
						<line number="67" hits="1"></line>
						<line number="68" hits="1"></line>
						<line number="71" hits="1"></line>
						<line number="73" hits="1"></line>
						<line number="74" hits="1"></line>
						<line number="77" hits="1"></line>
						<line number="78" hits="1"></line>
						<line number="79" hits="1"></line>
						<line number="81" hits="1"></line>
						<line number="83" hits="1"></line>
						<line number="87" hits="0"></line>
						<line number="88" hits="0"></line>
						<line number="89" hits="0"></line>
						<line number="93" hits="0"></line>
						<line number="94" hits="0"></line>
						<line number="95" hits="0"></line>
						<line number="99" hits="0"></line>
						<line number="100" hits="0"></line>
						<line number="101" hits="0"></line>
						<line number="104" hits="0"></line>
						<line number="106" hits="0"></line>
						<line number="107" hits="0"></line>
						<line number="110" hits="0"></line>
						<line number="111" hits="0"></line>
						<line number="114" hits="0"></line>
						<line number="119" hits="1"></line>
						<line number="120" hits="1"></line>
						<line number="121" hits="1"></line>
						<line number="124" hits="1"></line>
						<line number="128" hits="0"></line>
						<line number="129" hits="0"></line>
						<line number="135" hits="1"></line>
						<line number="137" hits="1"></line>
						<line number="138" hits="1"></line>
						<line number="141" hits="1"></line>
						<line number="143" hits="1"></line>
						<line number="144" hits="1"></line>
						<line number="147" hits="1"></line>
						<line number="149" hits="1"></line>
						<line number="150" hits="1"></line>
						<line number="153" hits="1"></line>
						<line number="154" hits="1"></line>
						<line number="155" hits="1"></line>
						<line number="159" hits="1"></line>
					</lines>
				</class>
				<class name="UnauthorizedError" filename="micro-cluster/service/tenant/domain/application.go" line-rate="1" branch-rate="0" complexity="0" line-count="1" line-hits="1">
					<methods>
						<method name="Error" signature="" line-rate="1" branch-rate="0" complexity="0" line-count="0" line-hits="0">
							<lines>
								<line number="164" hits="1"></line>
							</lines>
						</method>
					</methods>
					<lines>
						<line number="164" hits="1"></line>
					</lines>
				</class>
				<class name="ForbiddenError" filename="micro-cluster/service/tenant/domain/application.go" line-rate="1" branch-rate="0" complexity="0" line-count="1" line-hits="1">
					<methods>
						<method name="Error" signature="" line-rate="1" branch-rate="0" complexity="0" line-count="0" line-hits="0">
							<lines>
								<line number="169" hits="1"></line>
							</lines>
						</method>
					</methods>
					<lines>
						<line number="169" hits="1"></line>
					</lines>
				</class>
				<class name="-" filename="micro-cluster/service/tenant/domain/bindings.go" line-rate="0" branch-rate="0" complexity="0" line-count="12" line-hits="0">
					<methods>
						<method name="createRole" signature="" line-rate="0" branch-rate="0" complexity="0" line-count="0" line-hits="0">
							<lines>
								<line number="16" hits="0"></line>
								<line number="17" hits="0"></line>
								<line number="20" hits="0"></line>
								<line number="22" hits="0"></line>
								<line number="23" hits="0"></line>
								<line number="24" hits="0"></line>
								<line number="25" hits="0"></line>
								<line number="28" hits="0"></line>
								<line number="30" hits="0"></line>
								<line number="31" hits="0"></line>
							</lines>
						</method>
						<method name="findRoleByName" signature="" line-rate="0" branch-rate="0" complexity="0" line-count="0" line-hits="0">
							<lines>
								<line number="41" hits="0"></line>
								<line number="42" hits="0"></line>
							</lines>
						</method>
					</methods>
					<lines>
						<line number="16" hits="0"></line>
						<line number="17" hits="0"></line>
						<line number="20" hits="0"></line>
						<line number="22" hits="0"></line>
						<line number="23" hits="0"></line>
						<line number="24" hits="0"></line>
						<line number="25" hits="0"></line>
						<line number="28" hits="0"></line>
						<line number="30" hits="0"></line>
						<line number="31" hits="0"></line>
						<line number="41" hits="0"></line>
						<line number="42" hits="0"></line>
					</lines>
				</class>
				<class name="Role" filename="micro-cluster/service/tenant/domain/bindings.go" line-rate="0" branch-rate="0" complexity="0" line-count="6" line-hits="0">
					<methods>
						<method name="persist" signature="" line-rate="0" branch-rate="0" complexity="0" line-count="0" line-hits="0">
							<lines>
								<line number="36" hits="0"></line>
								<line number="37" hits="0"></line>
							</lines>
						</method>
						<method name="empower" signature="" line-rate="0" branch-rate="0" complexity="0" line-count="0" line-hits="0">
							<lines>
								<line number="58" hits="0"></line>
								<line number="60" hits="0"></line>
								<line number="61" hits="0"></line>
								<line number="63" hits="0"></line>
							</lines>
						</method>
					</methods>
					<lines>
						<line number="36" hits="0"></line>
						<line number="37" hits="0"></line>
						<line number="58" hits="0"></line>
						<line number="60" hits="0"></line>
						<line number="61" hits="0"></line>
						<line number="63" hits="0"></line>
					</lines>
				</class>
				<class name="-" filename="micro-cluster/service/tenant/domain/permission.go" line-rate="0" branch-rate="0" complexity="0" line-count="17" line-hits="0">
					<methods>
						<method name="PermissionTypeFromType" signature="" line-rate="0" branch-rate="0" complexity="0" line-count="0" line-hits="0">
							<lines>
								<line number="26" hits="0"></line>
								<line number="27" hits="0"></line>
								<line number="28" hits="0"></line>
								<line number="29" hits="0"></line>
								<line number="30" hits="0"></line>
							</lines>
						</method>
						<method name="createPermission" signature="" line-rate="0" branch-rate="0" complexity="0" line-count="0" line-hits="0">
							<lines>
								<line number="40" hits="0"></line>
								<line number="41" hits="0"></line>
								<line number="44" hits="0"></line>
								<line number="46" hits="0"></line>
								<line number="47" hits="0"></line>
								<line number="48" hits="0"></line>
								<line number="49" hits="0"></line>
								<line number="52" hits="0"></line>
								<line number="61" hits="0"></line>
								<line number="63" hits="0"></line>
							</lines>
						</method>
						<method name="findPermissionByCode" signature="" line-rate="0" branch-rate="0" complexity="0" line-count="0" line-hits="0">
							<lines>
								<line number="67" hits="0"></line>
								<line number="68" hits="0"></line>
							</lines>
						</method>
					</methods>
					<lines>
						<line number="26" hits="0"></line>
						<line number="27" hits="0"></line>
						<line number="28" hits="0"></line>
						<line number="29" hits="0"></line>
						<line number="30" hits="0"></line>
						<line number="40" hits="0"></line>
						<line number="41" hits="0"></line>
						<line number="44" hits="0"></line>
						<line number="46" hits="0"></line>
						<line number="47" hits="0"></line>
						<line number="48" hits="0"></line>
						<line number="49" hits="0"></line>
						<line number="52" hits="0"></line>
						<line number="61" hits="0"></line>
						<line number="63" hits="0"></line>
						<line number="67" hits="0"></line>
						<line number="68" hits="0"></line>
					</lines>
				</class>
				<class name="Permission" filename="micro-cluster/service/tenant/domain/permission.go" line-rate="0" branch-rate="0" complexity="0" line-count="3" line-hits="0">
					<methods>
						<method name="persist" signature="" line-rate="0" branch-rate="0" complexity="0" line-count="0" line-hits="0">
							<lines>
								<line number="35" hits="0"></line>
								<line number="36" hits="0"></line>
							</lines>
						</method>
						<method name="listAllRoles" signature="" line-rate="0" branch-rate="0" complexity="0" line-count="0" line-hits="0">
							<lines>
								<line number="73" hits="0"></line>
							</lines>
						</method>
					</methods>
					<lines>
						<line number="35" hits="0"></line>
						<line number="36" hits="0"></line>
						<line number="73" hits="0"></line>
					</lines>
				</class>
				<class name="Tenant" filename="micro-cluster/service/tenant/domain/tenant.go" line-rate="0" branch-rate="0" complexity="0" line-count="1" line-hits="0">
					<methods>
						<method name="persist" signature="" line-rate="0" branch-rate="0" complexity="0" line-count="0" line-hits="0">
							<lines>
								<line number="16" hits="0"></line>
							</lines>
						</method>
					</methods>
					<lines>
						<line number="16" hits="0"></line>
					</lines>
				</class>
				<class name="-" filename="micro-cluster/service/tenant/domain/tenant.go" line-rate="0" branch-rate="0" complexity="0" line-count="17" line-hits="0">
					<methods>
						<method name="CreateTenant" signature="" line-rate="0" branch-rate="0" complexity="0" line-count="0" line-hits="0">
							<lines>
								<line number="21" hits="0"></line>
								<line number="23" hits="0"></line>
								<line number="24" hits="0"></line>
								<line number="25" hits="0"></line>
								<line number="26" hits="0"></line>
								<line number="29" hits="0"></line>
								<line number="30" hits="0"></line>
								<line number="32" hits="0"></line>
							</lines>
						</method>
						<method name="FindTenant" signature="" line-rate="0" branch-rate="0" complexity="0" line-count="0" line-hits="0">
							<lines>
								<line number="37" hits="0"></line>
								<line number="38" hits="0"></line>
							</lines>
						</method>
						<method name="FindTenantById" signature="" line-rate="0" branch-rate="0" complexity="0" line-count="0" line-hits="0">
							<lines>
								<line number="42" hits="0"></line>
								<line number="43" hits="0"></line>
							</lines>
						</method>
						<method name="CommonStatusFromStatus" signature="" line-rate="0" branch-rate="0" complexity="0" line-count="0" line-hits="0">
							<lines>
								<line number="67" hits="0"></line>
								<line number="68" hits="0"></line>
								<line number="69" hits="0"></line>
								<line number="70" hits="0"></line>
								<line number="71" hits="0"></line>
							</lines>
						</method>
					</methods>
					<lines>
						<line number="21" hits="0"></line>
						<line number="23" hits="0"></line>
						<line number="24" hits="0"></line>
						<line number="25" hits="0"></line>
						<line number="26" hits="0"></line>
						<line number="29" hits="0"></line>
						<line number="30" hits="0"></line>
						<line number="32" hits="0"></line>
						<line number="37" hits="0"></line>
						<line number="38" hits="0"></line>
						<line number="42" hits="0"></line>
						<line number="43" hits="0"></line>
						<line number="67" hits="0"></line>
						<line number="68" hits="0"></line>
						<line number="69" hits="0"></line>
						<line number="70" hits="0"></line>
						<line number="71" hits="0"></line>
					</lines>
				</class>
				<class name="CommonStatus" filename="micro-cluster/service/tenant/domain/tenant.go" line-rate="0" branch-rate="0" complexity="0" line-count="1" line-hits="0">
					<methods>
						<method name="IsValid" signature="" line-rate="0" branch-rate="0" complexity="0" line-count="0" line-hits="0">
							<lines>
								<line number="63" hits="0"></line>
							</lines>
						</method>
					</methods>
					<lines>
						<line number="63" hits="0"></line>
					</lines>
				</class>
				<class name="TiEMToken" filename="micro-cluster/service/tenant/domain/token.go" line-rate="0.6666667" branch-rate="0" complexity="0" line-count="6" line-hits="4">
					<methods>
						<method name="destroy" signature="" line-rate="1" branch-rate="0" complexity="0" line-count="0" line-hits="0">
							<lines>
								<line number="18" hits="1"></line>
								<line number="19" hits="1"></line>
							</lines>
						</method>
						<method name="renew" signature="" line-rate="0" branch-rate="0" complexity="0" line-count="0" line-hits="0">
							<lines>
								<line number="23" hits="0"></line>
								<line number="24" hits="0"></line>
							</lines>
						</method>
						<method name="isValid" signature="" line-rate="1" branch-rate="0" complexity="0" line-count="0" line-hits="0">
							<lines>
								<line number="28" hits="1"></line>
								<line number="30" hits="1"></line>
							</lines>
						</method>
					</methods>
					<lines>
						<line number="18" hits="1"></line>
						<line number="19" hits="1"></line>
						<line number="23" hits="0"></line>
						<line number="24" hits="0"></line>
						<line number="28" hits="1"></line>
						<line number="30" hits="1"></line>
					</lines>
				</class>
				<class name="-" filename="micro-cluster/service/tenant/domain/token.go" line-rate="1" branch-rate="0" complexity="0" line-count="4" line-hits="4">
					<methods>
						<method name="createToken" signature="" line-rate="1" branch-rate="0" complexity="0" line-count="0" line-hits="0">
							<lines>
								<line number="34" hits="1"></line>
								<line number="41" hits="1"></line>
								<line number="42" hits="1"></line>
								<line number="43" hits="1"></line>
							</lines>
						</method>
					</methods>
					<lines>
						<line number="34" hits="1"></line>
						<line number="41" hits="1"></line>
						<line number="42" hits="1"></line>
						<line number="43" hits="1"></line>
					</lines>
				</class>
			</classes>
		</package>
		<package name="github.com/pingcap-inc/tiem/micro-metadb" line-rate="0" branch-rate="0" complexity="0" line-count="10" line-hits="0">
			<classes>
				<class name="-" filename="micro-metadb/main.go" line-rate="0" branch-rate="0" complexity="0" line-count="10" line-hits="0">
					<methods>
						<method name="main" signature="" line-rate="0" branch-rate="0" complexity="0" line-count="0" line-hits="0">
							<lines>
								<line number="12" hits="0"></line>
								<line number="16" hits="0"></line>
								<line number="18" hits="0"></line>
								<line number="22" hits="0"></line>
								<line number="23" hits="0"></line>
								<line number="24" hits="0"></line>
							</lines>
						</method>
						<method name="@18:19" signature="" line-rate="0" branch-rate="0" complexity="0" line-count="0" line-hits="0">
							<lines>
								<line number="19" hits="0"></line>
							</lines>
						</method>
						<method name="defaultPortForLocal" signature="" line-rate="0" branch-rate="0" complexity="0" line-count="0" line-hits="0">
							<lines>
								<line number="29" hits="0"></line>
								<line number="30" hits="0"></line>
								<line number="32" hits="0"></line>
							</lines>
						</method>
					</methods>
					<lines>
						<line number="12" hits="0"></line>
						<line number="16" hits="0"></line>
						<line number="18" hits="0"></line>
						<line number="22" hits="0"></line>
						<line number="23" hits="0"></line>
						<line number="24" hits="0"></line>
						<line number="19" hits="0"></line>
						<line number="29" hits="0"></line>
						<line number="30" hits="0"></line>
						<line number="32" hits="0"></line>
					</lines>
				</class>
			</classes>
		</package>
	</packages>
	<sources>
		<source>/Users/haiboshen/go/src/tiem</source>
	</sources>
</coverage>
